Arguments: 
  C:\Program Files\nodejs\node.exe C:\Users\tejap\AppData\Roaming\npm\node_modules\yarn\bin\yarn.js add Flask

PATH: 
  H:\installed_in_edu\anaconda;H:\installed_in_edu\anaconda\Library\mingw-w64\bin;H:\installed_in_edu\anaconda\Library\usr\bin;H:\installed_in_edu\anaconda\Library\bin;H:\installed_in_edu\anaconda\Scripts;H:\installed_in_edu\oracleexe\app\oracle\product\11.2.0\server\bin;C:\Program Files (x86)\Lenovo\FusionEngine;C:\WINDOWS\system32;C:\WINDOWS;C:\WINDOWS\System32\Wbem;C:\WINDOWS\System32\WindowsPowerShell\v1.0\;C:\Program Files (x86)\Common Files\lenovo\easyplussdk\bin;C:\Program Files (x86)\ATI Technologies\ATI.ACE\Core-Static;C:\Program Files\Intel\WiFi\bin\;C:\Program Files\Common Files\Intel\WirelessCommon\;C:\Program Files\Microsoft SQL Server\130\Tools\Binn\;C:\Program Files\Git\cmd;C:\WINDOWS\System32\OpenSSH\;C:\Program Files\Java\jdk-10.0.1\bin;C:\Program Files\Java\jdk-10.0.1\lib;C:\Program Files\Genymobile\Genymotion\tools;C:\Program Files (x86)\Microsoft SQL Server\110\Tools\Binn\;C:\Program Files\Microsoft SQL Server\110\Tools\Binn\;C:\Program Files\Microsoft SQL Server\110\DTS\Binn\;C:\Program Files (x86)\Microsoft SQL Server\110\Tools\Binn\ManagementStudio\;C:\Program Files (x86)\Microsoft SQL Server\110\DTS\Binn\;C:\Program Files (x86)\Microsoft SQL Server\120\DTS\Binn\;C:\Program Files (x86)\Microsoft SQL Server\130\DTS\Binn\;C:\Program Files (x86)\Microsoft SQL Server\140\DTS\Binn\;C:\composer;C:\MinGW\bin;C:\xampp\php;C:\xampp\mysql\bin;C:\Program Files\MongoDB\Server\4.0\bin;C:\Program Files\nodejs\;H:\installed_in_edu\vscode\Microsoft VS Code\bin;C:\Program Files (x86)\Lenovo\FusionEngine;C:\WINDOWS\system32;C:\WINDOWS;C:\WINDOWS\System32\Wbem;C:\WINDOWS\System32\WindowsPowerShell\v1.0\;C:\Program Files (x86)\Common Files\lenovo\easyplussdk\bin;C:\Program Files (x86)\ATI Technologies\ATI.ACE\Core-Static;C:\Program Files\Intel\WiFi\bin\;C:\Program Files\Common Files\Intel\WirelessCommon\;C:\Program Files\dotnet\;C:\Program Files\Microsoft SQL Server\130\Tools\Binn\;C:\Program Files\Git\cmd;C:\Program Files\nodejs\;H:\installed_in_edu\vscode\Microsoft VS Code\bin;C:\Users\tejap\AppData\Local\Microsoft\WindowsApps;C:\Users\tejap\AppData\Local\Microsoft\WindowsApps;C:\Program Files\Java\jdk-10.0.1\bin;C:\Program Files\Java\jdk-10.0.1\lib;C:\Program Files\Genymobile\Genymotion\tools;C:\Program Files\MongoDB\Server\3.6\bin;C:\Users\tejap\AppData\Roaming\Composer\vendor\bin;C:\Users\tejap\AppData\Local\atom\bin;C:\xampp\mysql\bin;C:\Program Files\MongoDB\Server\4.0\bin;C:\Users\tejap\AppData\Roaming\npm

Yarn version: 
  1.6.0

Node version: 
  8.11.3

Platform: 
  win32 x64

Trace: 
  Error: https://registry.yarnpkg.com/Flask: Not found
      at Request.params.callback [as _callback] (C:\Users\tejap\AppData\Roaming\npm\node_modules\yarn\lib\cli.js:65327:18)
      at Request.self.callback (C:\Users\tejap\AppData\Roaming\npm\node_modules\yarn\lib\cli.js:133155:22)
      at emitTwo (events.js:126:13)
      at Request.emit (events.js:214:7)
      at Request.<anonymous> (C:\Users\tejap\AppData\Roaming\npm\node_modules\yarn\lib\cli.js:134138:10)
      at emitOne (events.js:116:13)
      at Request.emit (events.js:211:7)
      at IncomingMessage.<anonymous> (C:\Users\tejap\AppData\Roaming\npm\node_modules\yarn\lib\cli.js:134058:12)
      at Object.onceWrapper (events.js:313:30)
      at emitNone (events.js:111:20)

npm manifest: 
  No manifest

yarn manifest: 
  No manifest

Lockfile: 
  No lockfile
